<?xml version='1.0' encoding='UTF-8'?>
<testsuite hostname="imac.lan" name="ExampleTest" tests="2" errors="0" failures="0" skipped="0" time="0.008" timestamp="2022-10-16T13:16:23">
          <properties>
      <property name="java.specification.version" value="19"/><property name="sun.jnu.encoding" value="UTF-8"/><property name="sun.arch.data.model" value="64"/><property name="java.vendor.url" value="https://java.oracle.com/"/><property name="sun.boot.library.path" value="/Users/gwen/Library/Java/JavaVirtualMachines/openjdk-19/Contents/Home/lib"/><property name="sun.java.command" value="/Users/gwen/Library/Caches/Coursier/arc/https/github.com/sbt/sbt/releases/download/v1.7.2/sbt-1.7.2.zip/sbt/bin/sbt-launch.jar run test"/><property name="jdk.debug" value="release"/><property name="java.specification.vendor" value="Oracle Corporation"/><property name="java.version.date" value="2022-09-20"/><property name="java.home" value="/Users/gwen/Library/Java/JavaVirtualMachines/openjdk-19/Contents/Home"/><property name="file.separator" value="/"/><property name="java.vm.compressedOopsMode" value="Zero based"/><property name="line.separator" value="
"/><property name="java.vm.specification.vendor" value="Oracle Corporation"/><property name="java.specification.name" value="Java Platform API Specification"/><property name="sun.management.compiler" value="HotSpot 64-Bit Tiered Compilers"/><property name="java.runtime.version" value="19+36-2238"/><property name="user.name" value="gwen"/><property name="log4j.ignoreTCL" value="true"/><property name="file.encoding" value="UTF-8"/><property name="jnidispatch.path" value="/Users/gwen/Library/Caches/JNA/temp/jna14288134246568769162.tmp"/><property name="jna.loaded" value="true"/><property name="java.io.tmpdir" value="/var/folders/w3/781n8hwn2_j6kh1czy6t8f1c0000gn/T/"/><property name="java.version" value="19"/><property name="java.vm.specification.name" value="Java Virtual Machine Specification"/><property name="native.encoding" value="UTF-8"/><property name="java.library.path" value="/Users/gwen/Library/Java/Extensions:/Library/Java/Extensions:/Network/Library/Java/Extensions:/System/Library/Java/Extensions:/usr/lib/java:."/><property name="stderr.encoding" value="UTF-8"/><property name="java.vendor" value="Oracle Corporation"/><property name="scala.ext.dirs" value="/Users/gwen/.sbt/1.0/java9-rt-ext-oracle_corporation_19"/><property name="sun.io.unicode.encoding" value="UnicodeBig"/><property name="socksNonProxyHosts" value="local|*.local|169.254/16|*.169.254/16"/><property name="java.class.path" value="/Users/gwen/Library/Caches/Coursier/arc/https/github.com/sbt/sbt/releases/download/v1.7.2/sbt-1.7.2.zip/sbt/bin/sbt-launch.jar"/><property name="sun.awt.enableExtraMouseButtons" value="true"/><property name="java.vm.vendor" value="Oracle Corporation"/><property name="jline.shutdownhook" value="false"/><property name="user.timezone" value="Australia/Brisbane"/><property name="java.vm.specification.version" value="19"/><property name="os.name" value="Mac OS X"/><property name="sun.java.launcher" value="SUN_STANDARD"/><property name="user.country" value="AU"/><property name="http.nonProxyHosts" value="local|*.local|169.254/16|*.169.254/16"/><property name="sun.cpu.endian" value="little"/><property name="user.home" value="/Users/gwen"/><property name="user.language" value="en"/><property name="sbt.script" value="/Users/gwen/Library/Caches/Coursier/arc/https/github.com/sbt/sbt/releases/download/v1.7.2/sbt-1.7.2.zip/sbt/bin/sbt"/><property name="sbt.ipcsocket.tmpdir" value="/var/folders/w3/781n8hwn2_j6kh1czy6t8f1c0000gn/T/.sbt1cbcde51/ipcsocket"/><property name="swoval.tmpdir" value="/var/folders/w3/781n8hwn2_j6kh1czy6t8f1c0000gn/T/.sbt1cbcde51/swoval"/><property name="apple.awt.application.name" value="Boot"/><property name="jline.esc.timeout" value="0"/><property name="ftp.nonProxyHosts" value="local|*.local|169.254/16|*.169.254/16"/><property name="stdout.encoding" value="UTF-8"/><property name="path.separator" value=":"/><property name="os.version" value="12.6"/><property name="jna.nosys" value="true"/><property name="java.runtime.name" value="OpenJDK Runtime Environment"/><property name="java.vm.name" value="OpenJDK 64-Bit Server VM"/><property name="jna.platform.library.path" value="/usr/lib:/usr/lib"/><property name="java.vendor.url.bug" value="https://bugreport.java.com/bugreport/"/><property name="user.dir" value="/Users/gwen/Projects/Scala/PocketCalculator"/><property name="os.arch" value="x86_64"/><property name="java.vm.info" value="mixed mode, sharing"/><property name="java.vm.version" value="19+36-2238"/><property name="java.class.version" value="63.0"/>
    </properties>
          <testcase classname="ExampleTest" name="A Set when empty should have size 0" time="0.008">
                      
                    </testcase><testcase classname="ExampleTest" name="A Set when empty should produce NoSuchElementException when head is invoked" time="0.0">
                      
                    </testcase>
          <system-out><![CDATA[]]></system-out>
          <system-err><![CDATA[]]></system-err>
        </testsuite>