<?xml version="1.0" encoding="UTF-8"?>
<!-- Generated by org.testng.reporters.JUnitReportReporter -->
<testsuite hostname="imac.lan" failures="0" tests="1" name="PocketCalculatorTest" time="0.004" errors="0" timestamp="2022-10-16T16:23:30 AEST" skipped="0">
  <testcase classname="PocketCalculatorTest" name="testAddition" time="0.004"/>
  <system-out/>
</testsuite> <!-- PocketCalculatorTest -->
